<?xml version="1.0" encoding="UTF-8"?>
<!-- Generated by org.testng.reporters.JUnitReportReporter -->
<testsuite hostname="DESKTOP-RRMKHGR" failures="0" tests="1" name="demo1.Testcase1" time="13.971" errors="0" timestamp="2025-04-19T17:00:03 IST" skipped="0">
  <testcase classname="demo1.Testcase1" name="users" time="13.971"/>
  <system-out/>
</testsuite> <!-- demo1.Testcase1 -->
