<?xml version="1.0" encoding="UTF-8"?>
<!-- Generated by org.testng.reporters.JUnitReportReporter -->
<testsuite hostname="DESKTOP-RRMKHGR" failures="0" tests="1" name="demo1.Testcase1" time="6.690" errors="0" timestamp="2025-04-19T16:21:05 IST" skipped="0">
  <testcase classname="demo1.Testcase1" name="users" time="6.690"/>
  <system-out/>
</testsuite> <!-- demo1.Testcase1 -->
